[2020-04-17T11:05:45.810Z] INFO: type-service listening at http://0.0.0.0:8010 (in type-service.js)
[2020-04-17T11:05:45.811Z] INFO: type-service listening at http://0.0.0.0:8110 (in type-service.js)
[2020-04-17T11:11:02.988Z] INFO: cache miss a51d76c4-4f25-422c-be01-a709bf510092 7b4fe237-5449-4c36-a127-0b2de943598d (in type-service.js)
[2020-04-17T11:11:02.988Z] INFO: cache miss a51d76c4-4f25-422c-be01-a709bf510092 3d6b95e1-bf1b-40e8-9c0f-e07decdf6754 (in type-service.js)
[2020-04-17T11:11:02.988Z] INFO: cache miss a51d76c4-4f25-422c-be01-a709bf510092 ab378db5-7de7-466f-96da-8d2eb72b2915 (in type-service.js)
[2020-04-17T11:11:02.997Z] INFO: cache miss a51d76c4-4f25-422c-be01-a709bf510092 b18e8d77-46c0-41f6-b9fe-6ba0229ddb40 (in type-service.js)
[2020-04-17T11:11:03.008Z] INFO: cache miss a51d76c4-4f25-422c-be01-a709bf510092 ab92b96f-39d4-407b-9829-eb7473f11b30 (in type-service.js)
[2020-04-17T11:11:03.016Z] INFO: cache miss a51d76c4-4f25-422c-be01-a709bf510092 d08ea79d-a146-484f-90c1-75e04ab008db (in type-service.js)
[2020-04-17T11:11:03.016Z] INFO: cache miss a51d76c4-4f25-422c-be01-a709bf510092 a5f5caa6-ac02-43b9-b1cf-cb794a55481b (in type-service.js)
[2020-04-17T11:11:03.016Z] INFO: cache miss a51d76c4-4f25-422c-be01-a709bf510092 9c1140c4-ecf5-451f-b1e7-7380546624ad (in type-service.js)
[2020-04-17T11:11:03.016Z] INFO: cache miss a51d76c4-4f25-422c-be01-a709bf510092 2d9bb39e-68df-458f-a0b5-f6d0cebf4319 (in type-service.js)
[2020-04-17T11:11:03.024Z] INFO: cache miss a51d76c4-4f25-422c-be01-a709bf510092 9f597d84-166c-480b-88d4-a15cee9eae7b (in type-service.js)
[2020-04-17T11:11:03.024Z] INFO: cache miss a51d76c4-4f25-422c-be01-a709bf510092 b9c600df-d5a6-416b-8c9d-c74d566de2fe (in type-service.js)
[2020-04-17T11:11:03.024Z] INFO: cache miss a51d76c4-4f25-422c-be01-a709bf510092 68579484-8a07-4d15-a9dd-4606991cb01d (in type-service.js)
[2020-04-17T11:11:03.024Z] INFO: cache miss a51d76c4-4f25-422c-be01-a709bf510092 6be9a50c-dcab-4d2c-bda8-14506a2e9eef (in type-service.js)
[2020-04-17T11:11:03.032Z] INFO: cache miss a51d76c4-4f25-422c-be01-a709bf510092 3e72c4a8-4075-4625-8f25-2f1ac88db824 (in type-service.js)
[2020-04-17T11:11:03.032Z] INFO: cache miss a51d76c4-4f25-422c-be01-a709bf510092 f27a1d55-a523-4e75-8aa4-6262d3901bb2 (in type-service.js)
[2020-04-17T11:11:03.032Z] INFO: cache miss a51d76c4-4f25-422c-be01-a709bf510092 e05a90f1-6061-4aad-90d1-69c25908fb9c (in type-service.js)
[2020-04-17T11:11:03.033Z] INFO: cache miss a51d76c4-4f25-422c-be01-a709bf510092 1cac04a8-1f20-4ca9-9f70-4b5b95a955ab (in type-service.js)
[2020-04-17T11:11:03.033Z] INFO: cache miss a51d76c4-4f25-422c-be01-a709bf510092 e1a12714-70eb-4ca8-a299-937dbd5ef022 (in type-service.js)
[2020-04-17T11:11:03.033Z] INFO: cache miss a51d76c4-4f25-422c-be01-a709bf510092 b5f453f6-ba23-420b-85fc-e50af2ed9d43 (in type-service.js)
[2020-04-17T11:11:03.033Z] INFO: cache miss a51d76c4-4f25-422c-be01-a709bf510092 10372863-c812-4fe4-ab50-e52a8f17f8fc (in type-service.js)
[2020-04-17T11:11:03.038Z] INFO: cache miss a51d76c4-4f25-422c-be01-a709bf510092 0321de0f-b86b-46b3-9699-9d8241e83b76 (in type-service.js)
[2020-04-17T11:11:03.044Z] INFO: cache miss a51d76c4-4f25-422c-be01-a709bf510092 92f49765-3679-4018-851a-74d9e67e7079 (in type-service.js)
[2020-04-17T11:11:03.044Z] INFO: cache miss a51d76c4-4f25-422c-be01-a709bf510092 cb7d311e-1a61-4806-87ef-f9d09b0b5e05 (in type-service.js)
[2020-04-17T11:11:03.044Z] INFO: cache miss a51d76c4-4f25-422c-be01-a709bf510092 2bec3db3-bc38-41f8-8090-d7ac8aa18d74 (in type-service.js)
[2020-04-17T11:11:03.044Z] INFO: cache miss a51d76c4-4f25-422c-be01-a709bf510092 4b556f38-02ce-4785-afa4-3730cd8af7c1 (in type-service.js)
[2020-04-17T11:11:03.044Z] INFO: cache miss a51d76c4-4f25-422c-be01-a709bf510092 0f11c42b-009d-47b6-adcd-a27cc37ae6e1 (in type-service.js)
[2020-04-17T11:11:03.049Z] INFO: cache miss a51d76c4-4f25-422c-be01-a709bf510092 a29fb792-e3b3-425e-a357-b800a8c9c282 (in type-service.js)
[2020-04-17T11:11:03.050Z] INFO: cache miss a51d76c4-4f25-422c-be01-a709bf510092 e06a83c6-925f-4975-a0b8-19bf75b3950d (in type-service.js)
[2020-04-17T11:11:03.209Z] INFO: type tagging 28 datasets took 304ms (in type-service.js)
[2020-04-17T11:48:22.669Z] INFO: type tagging 28 datasets took 49ms (in type-service.js)
[2020-04-17T12:09:58.638Z] INFO: type tagging 28 datasets took 63ms (in type-service.js)
[2020-04-17T12:13:01.338Z] INFO: type tagging 28 datasets took 168ms (in type-service.js)
[2020-04-17T14:30:46.046Z] INFO: type-service listening at http://0.0.0.0:8010 (in type-service.js)
[2020-04-17T14:30:46.047Z] INFO: type-service listening at http://0.0.0.0:8110 (in type-service.js)
[2020-04-17T14:38:10.491Z] INFO: type-service listening at http://0.0.0.0:8010 (in type-service.js)
[2020-04-17T14:38:10.492Z] INFO: type-service listening at http://0.0.0.0:8110 (in type-service.js)
[2020-04-17T14:39:54.939Z] INFO: cache miss a51d76c4-4f25-422c-be01-a709bf510092 7b4fe237-5449-4c36-a127-0b2de943598d (in type-service.js)
[2020-04-17T14:39:54.939Z] INFO: cache miss a51d76c4-4f25-422c-be01-a709bf510092 3d6b95e1-bf1b-40e8-9c0f-e07decdf6754 (in type-service.js)
[2020-04-17T14:39:54.940Z] INFO: cache miss a51d76c4-4f25-422c-be01-a709bf510092 ab378db5-7de7-466f-96da-8d2eb72b2915 (in type-service.js)
[2020-04-17T14:39:54.950Z] INFO: cache miss a51d76c4-4f25-422c-be01-a709bf510092 b18e8d77-46c0-41f6-b9fe-6ba0229ddb40 (in type-service.js)
[2020-04-17T14:39:54.962Z] INFO: cache miss a51d76c4-4f25-422c-be01-a709bf510092 ab92b96f-39d4-407b-9829-eb7473f11b30 (in type-service.js)
[2020-04-17T14:39:54.972Z] INFO: cache miss a51d76c4-4f25-422c-be01-a709bf510092 d08ea79d-a146-484f-90c1-75e04ab008db (in type-service.js)
[2020-04-17T14:39:54.973Z] INFO: cache miss a51d76c4-4f25-422c-be01-a709bf510092 a5f5caa6-ac02-43b9-b1cf-cb794a55481b (in type-service.js)
[2020-04-17T14:39:54.973Z] INFO: cache miss a51d76c4-4f25-422c-be01-a709bf510092 9c1140c4-ecf5-451f-b1e7-7380546624ad (in type-service.js)
[2020-04-17T14:39:54.973Z] INFO: cache miss a51d76c4-4f25-422c-be01-a709bf510092 2d9bb39e-68df-458f-a0b5-f6d0cebf4319 (in type-service.js)
[2020-04-17T14:39:54.981Z] INFO: cache miss a51d76c4-4f25-422c-be01-a709bf510092 9f597d84-166c-480b-88d4-a15cee9eae7b (in type-service.js)
[2020-04-17T14:39:54.981Z] INFO: cache miss a51d76c4-4f25-422c-be01-a709bf510092 b9c600df-d5a6-416b-8c9d-c74d566de2fe (in type-service.js)
[2020-04-17T14:39:54.981Z] INFO: cache miss a51d76c4-4f25-422c-be01-a709bf510092 68579484-8a07-4d15-a9dd-4606991cb01d (in type-service.js)
[2020-04-17T14:39:54.981Z] INFO: cache miss a51d76c4-4f25-422c-be01-a709bf510092 6be9a50c-dcab-4d2c-bda8-14506a2e9eef (in type-service.js)
[2020-04-17T14:39:54.990Z] INFO: cache miss a51d76c4-4f25-422c-be01-a709bf510092 3e72c4a8-4075-4625-8f25-2f1ac88db824 (in type-service.js)
[2020-04-17T14:39:54.990Z] INFO: cache miss a51d76c4-4f25-422c-be01-a709bf510092 f27a1d55-a523-4e75-8aa4-6262d3901bb2 (in type-service.js)
[2020-04-17T14:39:54.991Z] INFO: cache miss a51d76c4-4f25-422c-be01-a709bf510092 e05a90f1-6061-4aad-90d1-69c25908fb9c (in type-service.js)
[2020-04-17T14:39:54.991Z] INFO: cache miss a51d76c4-4f25-422c-be01-a709bf510092 1cac04a8-1f20-4ca9-9f70-4b5b95a955ab (in type-service.js)
[2020-04-17T14:39:54.991Z] INFO: cache miss a51d76c4-4f25-422c-be01-a709bf510092 e1a12714-70eb-4ca8-a299-937dbd5ef022 (in type-service.js)
[2020-04-17T14:39:54.991Z] INFO: cache miss a51d76c4-4f25-422c-be01-a709bf510092 b5f453f6-ba23-420b-85fc-e50af2ed9d43 (in type-service.js)
[2020-04-17T14:39:54.991Z] INFO: cache miss a51d76c4-4f25-422c-be01-a709bf510092 10372863-c812-4fe4-ab50-e52a8f17f8fc (in type-service.js)
[2020-04-17T14:39:54.998Z] INFO: cache miss a51d76c4-4f25-422c-be01-a709bf510092 0321de0f-b86b-46b3-9699-9d8241e83b76 (in type-service.js)
[2020-04-17T14:39:55.004Z] INFO: cache miss a51d76c4-4f25-422c-be01-a709bf510092 92f49765-3679-4018-851a-74d9e67e7079 (in type-service.js)
[2020-04-17T14:39:55.004Z] INFO: cache miss a51d76c4-4f25-422c-be01-a709bf510092 cb7d311e-1a61-4806-87ef-f9d09b0b5e05 (in type-service.js)
[2020-04-17T14:39:55.004Z] INFO: cache miss a51d76c4-4f25-422c-be01-a709bf510092 2bec3db3-bc38-41f8-8090-d7ac8aa18d74 (in type-service.js)
[2020-04-17T14:39:55.004Z] INFO: cache miss a51d76c4-4f25-422c-be01-a709bf510092 4b556f38-02ce-4785-afa4-3730cd8af7c1 (in type-service.js)
[2020-04-17T14:39:55.004Z] INFO: cache miss a51d76c4-4f25-422c-be01-a709bf510092 0f11c42b-009d-47b6-adcd-a27cc37ae6e1 (in type-service.js)
[2020-04-17T14:39:55.011Z] INFO: cache miss a51d76c4-4f25-422c-be01-a709bf510092 a29fb792-e3b3-425e-a357-b800a8c9c282 (in type-service.js)
[2020-04-17T14:39:55.011Z] INFO: cache miss a51d76c4-4f25-422c-be01-a709bf510092 e06a83c6-925f-4975-a0b8-19bf75b3950d (in type-service.js)
[2020-04-17T14:39:55.167Z] INFO: type tagging 28 datasets took 285ms (in type-service.js)
[2020-04-17T14:54:04.222Z] INFO: type-service listening at http://0.0.0.0:8010 (in type-service.js)
[2020-04-17T14:54:04.223Z] INFO: type-service listening at http://0.0.0.0:8110 (in type-service.js)
[2020-04-17T14:54:13.419Z] INFO: cache miss a51d76c4-4f25-422c-be01-a709bf510092 7b4fe237-5449-4c36-a127-0b2de943598d (in type-service.js)
[2020-04-17T14:54:13.420Z] INFO: cache miss a51d76c4-4f25-422c-be01-a709bf510092 3d6b95e1-bf1b-40e8-9c0f-e07decdf6754 (in type-service.js)
[2020-04-17T14:54:13.420Z] INFO: cache miss a51d76c4-4f25-422c-be01-a709bf510092 ab378db5-7de7-466f-96da-8d2eb72b2915 (in type-service.js)
[2020-04-17T14:54:13.431Z] INFO: cache miss a51d76c4-4f25-422c-be01-a709bf510092 b18e8d77-46c0-41f6-b9fe-6ba0229ddb40 (in type-service.js)
[2020-04-17T14:54:13.444Z] INFO: cache miss a51d76c4-4f25-422c-be01-a709bf510092 ab92b96f-39d4-407b-9829-eb7473f11b30 (in type-service.js)
[2020-04-17T14:54:13.452Z] INFO: cache miss a51d76c4-4f25-422c-be01-a709bf510092 d08ea79d-a146-484f-90c1-75e04ab008db (in type-service.js)
[2020-04-17T14:54:13.453Z] INFO: cache miss a51d76c4-4f25-422c-be01-a709bf510092 a5f5caa6-ac02-43b9-b1cf-cb794a55481b (in type-service.js)
[2020-04-17T14:54:13.453Z] INFO: cache miss a51d76c4-4f25-422c-be01-a709bf510092 9c1140c4-ecf5-451f-b1e7-7380546624ad (in type-service.js)
[2020-04-17T14:54:13.453Z] INFO: cache miss a51d76c4-4f25-422c-be01-a709bf510092 2d9bb39e-68df-458f-a0b5-f6d0cebf4319 (in type-service.js)
[2020-04-17T14:54:13.463Z] INFO: cache miss a51d76c4-4f25-422c-be01-a709bf510092 9f597d84-166c-480b-88d4-a15cee9eae7b (in type-service.js)
[2020-04-17T14:54:13.463Z] INFO: cache miss a51d76c4-4f25-422c-be01-a709bf510092 b9c600df-d5a6-416b-8c9d-c74d566de2fe (in type-service.js)
[2020-04-17T14:54:13.463Z] INFO: cache miss a51d76c4-4f25-422c-be01-a709bf510092 68579484-8a07-4d15-a9dd-4606991cb01d (in type-service.js)
[2020-04-17T14:54:13.463Z] INFO: cache miss a51d76c4-4f25-422c-be01-a709bf510092 6be9a50c-dcab-4d2c-bda8-14506a2e9eef (in type-service.js)
[2020-04-17T14:54:13.472Z] INFO: cache miss a51d76c4-4f25-422c-be01-a709bf510092 3e72c4a8-4075-4625-8f25-2f1ac88db824 (in type-service.js)
[2020-04-17T14:54:13.472Z] INFO: cache miss a51d76c4-4f25-422c-be01-a709bf510092 f27a1d55-a523-4e75-8aa4-6262d3901bb2 (in type-service.js)
[2020-04-17T14:54:13.472Z] INFO: cache miss a51d76c4-4f25-422c-be01-a709bf510092 e05a90f1-6061-4aad-90d1-69c25908fb9c (in type-service.js)
[2020-04-17T14:54:13.474Z] INFO: cache miss a51d76c4-4f25-422c-be01-a709bf510092 1cac04a8-1f20-4ca9-9f70-4b5b95a955ab (in type-service.js)
[2020-04-17T14:54:13.474Z] INFO: cache miss a51d76c4-4f25-422c-be01-a709bf510092 e1a12714-70eb-4ca8-a299-937dbd5ef022 (in type-service.js)
[2020-04-17T14:54:13.475Z] INFO: cache miss a51d76c4-4f25-422c-be01-a709bf510092 b5f453f6-ba23-420b-85fc-e50af2ed9d43 (in type-service.js)
[2020-04-17T14:54:13.475Z] INFO: cache miss a51d76c4-4f25-422c-be01-a709bf510092 10372863-c812-4fe4-ab50-e52a8f17f8fc (in type-service.js)
[2020-04-17T14:54:13.483Z] INFO: cache miss a51d76c4-4f25-422c-be01-a709bf510092 0321de0f-b86b-46b3-9699-9d8241e83b76 (in type-service.js)
[2020-04-17T14:54:13.489Z] INFO: cache miss a51d76c4-4f25-422c-be01-a709bf510092 92f49765-3679-4018-851a-74d9e67e7079 (in type-service.js)
[2020-04-17T14:54:13.489Z] INFO: cache miss a51d76c4-4f25-422c-be01-a709bf510092 cb7d311e-1a61-4806-87ef-f9d09b0b5e05 (in type-service.js)
[2020-04-17T14:54:13.489Z] INFO: cache miss a51d76c4-4f25-422c-be01-a709bf510092 2bec3db3-bc38-41f8-8090-d7ac8aa18d74 (in type-service.js)
[2020-04-17T14:54:13.489Z] INFO: cache miss a51d76c4-4f25-422c-be01-a709bf510092 4b556f38-02ce-4785-afa4-3730cd8af7c1 (in type-service.js)
[2020-04-17T14:54:13.489Z] INFO: cache miss a51d76c4-4f25-422c-be01-a709bf510092 0f11c42b-009d-47b6-adcd-a27cc37ae6e1 (in type-service.js)
[2020-04-17T14:54:13.497Z] INFO: cache miss a51d76c4-4f25-422c-be01-a709bf510092 a29fb792-e3b3-425e-a357-b800a8c9c282 (in type-service.js)
[2020-04-17T14:54:13.497Z] INFO: cache miss a51d76c4-4f25-422c-be01-a709bf510092 e06a83c6-925f-4975-a0b8-19bf75b3950d (in type-service.js)
[2020-04-17T14:54:13.656Z] INFO: type tagging 28 datasets took 265ms (in type-service.js)
[2020-04-17T14:54:46.514Z] INFO: type tagging 28 datasets took 36ms (in type-service.js)
[2020-04-17T14:54:59.020Z] INFO: type-service listening at http://0.0.0.0:8010 (in type-service.js)
[2020-04-17T14:54:59.021Z] INFO: type-service listening at http://0.0.0.0:8110 (in type-service.js)
[2020-04-17T14:55:03.175Z] INFO: cache miss a51d76c4-4f25-422c-be01-a709bf510092 7b4fe237-5449-4c36-a127-0b2de943598d (in type-service.js)
[2020-04-17T14:55:03.176Z] INFO: cache miss a51d76c4-4f25-422c-be01-a709bf510092 3d6b95e1-bf1b-40e8-9c0f-e07decdf6754 (in type-service.js)
[2020-04-17T14:55:03.176Z] INFO: cache miss a51d76c4-4f25-422c-be01-a709bf510092 ab378db5-7de7-466f-96da-8d2eb72b2915 (in type-service.js)
[2020-04-17T14:55:03.184Z] INFO: cache miss a51d76c4-4f25-422c-be01-a709bf510092 b18e8d77-46c0-41f6-b9fe-6ba0229ddb40 (in type-service.js)
[2020-04-17T14:55:03.191Z] INFO: cache miss a51d76c4-4f25-422c-be01-a709bf510092 ab92b96f-39d4-407b-9829-eb7473f11b30 (in type-service.js)
[2020-04-17T14:55:03.200Z] INFO: cache miss a51d76c4-4f25-422c-be01-a709bf510092 d08ea79d-a146-484f-90c1-75e04ab008db (in type-service.js)
[2020-04-17T14:55:03.200Z] INFO: cache miss a51d76c4-4f25-422c-be01-a709bf510092 a5f5caa6-ac02-43b9-b1cf-cb794a55481b (in type-service.js)
[2020-04-17T14:55:03.201Z] INFO: cache miss a51d76c4-4f25-422c-be01-a709bf510092 9c1140c4-ecf5-451f-b1e7-7380546624ad (in type-service.js)
[2020-04-17T14:55:03.201Z] INFO: cache miss a51d76c4-4f25-422c-be01-a709bf510092 2d9bb39e-68df-458f-a0b5-f6d0cebf4319 (in type-service.js)
[2020-04-17T14:55:03.206Z] INFO: cache miss a51d76c4-4f25-422c-be01-a709bf510092 9f597d84-166c-480b-88d4-a15cee9eae7b (in type-service.js)
[2020-04-17T14:55:03.206Z] INFO: cache miss a51d76c4-4f25-422c-be01-a709bf510092 b9c600df-d5a6-416b-8c9d-c74d566de2fe (in type-service.js)
[2020-04-17T14:55:03.206Z] INFO: cache miss a51d76c4-4f25-422c-be01-a709bf510092 68579484-8a07-4d15-a9dd-4606991cb01d (in type-service.js)
[2020-04-17T14:55:03.206Z] INFO: cache miss a51d76c4-4f25-422c-be01-a709bf510092 6be9a50c-dcab-4d2c-bda8-14506a2e9eef (in type-service.js)
[2020-04-17T14:55:03.212Z] INFO: cache miss a51d76c4-4f25-422c-be01-a709bf510092 3e72c4a8-4075-4625-8f25-2f1ac88db824 (in type-service.js)
[2020-04-17T14:55:03.213Z] INFO: cache miss a51d76c4-4f25-422c-be01-a709bf510092 f27a1d55-a523-4e75-8aa4-6262d3901bb2 (in type-service.js)
[2020-04-17T14:55:03.213Z] INFO: cache miss a51d76c4-4f25-422c-be01-a709bf510092 e05a90f1-6061-4aad-90d1-69c25908fb9c (in type-service.js)
[2020-04-17T14:55:03.213Z] INFO: cache miss a51d76c4-4f25-422c-be01-a709bf510092 1cac04a8-1f20-4ca9-9f70-4b5b95a955ab (in type-service.js)
[2020-04-17T14:55:03.213Z] INFO: cache miss a51d76c4-4f25-422c-be01-a709bf510092 e1a12714-70eb-4ca8-a299-937dbd5ef022 (in type-service.js)
[2020-04-17T14:55:03.213Z] INFO: cache miss a51d76c4-4f25-422c-be01-a709bf510092 b5f453f6-ba23-420b-85fc-e50af2ed9d43 (in type-service.js)
[2020-04-17T14:55:03.213Z] INFO: cache miss a51d76c4-4f25-422c-be01-a709bf510092 10372863-c812-4fe4-ab50-e52a8f17f8fc (in type-service.js)
[2020-04-17T14:55:03.219Z] INFO: cache miss a51d76c4-4f25-422c-be01-a709bf510092 0321de0f-b86b-46b3-9699-9d8241e83b76 (in type-service.js)
[2020-04-17T14:55:03.223Z] INFO: cache miss a51d76c4-4f25-422c-be01-a709bf510092 92f49765-3679-4018-851a-74d9e67e7079 (in type-service.js)
[2020-04-17T14:55:03.223Z] INFO: cache miss a51d76c4-4f25-422c-be01-a709bf510092 cb7d311e-1a61-4806-87ef-f9d09b0b5e05 (in type-service.js)
[2020-04-17T14:55:03.223Z] INFO: cache miss a51d76c4-4f25-422c-be01-a709bf510092 2bec3db3-bc38-41f8-8090-d7ac8aa18d74 (in type-service.js)
[2020-04-17T14:55:03.224Z] INFO: cache miss a51d76c4-4f25-422c-be01-a709bf510092 4b556f38-02ce-4785-afa4-3730cd8af7c1 (in type-service.js)
[2020-04-17T14:55:03.224Z] INFO: cache miss a51d76c4-4f25-422c-be01-a709bf510092 0f11c42b-009d-47b6-adcd-a27cc37ae6e1 (in type-service.js)
[2020-04-17T14:55:03.231Z] INFO: cache miss a51d76c4-4f25-422c-be01-a709bf510092 a29fb792-e3b3-425e-a357-b800a8c9c282 (in type-service.js)
[2020-04-17T14:55:03.231Z] INFO: cache miss a51d76c4-4f25-422c-be01-a709bf510092 e06a83c6-925f-4975-a0b8-19bf75b3950d (in type-service.js)
[2020-04-17T14:55:03.384Z] INFO: type tagging 28 datasets took 235ms (in type-service.js)
[2020-04-17T14:55:36.837Z] INFO: type-service listening at http://0.0.0.0:8010 (in type-service.js)
[2020-04-17T14:55:36.838Z] INFO: type-service listening at http://0.0.0.0:8110 (in type-service.js)
[2020-04-17T14:55:43.752Z] INFO: cache miss a51d76c4-4f25-422c-be01-a709bf510092 7b4fe237-5449-4c36-a127-0b2de943598d (in type-service.js)
[2020-04-17T14:55:43.753Z] INFO: cache miss a51d76c4-4f25-422c-be01-a709bf510092 3d6b95e1-bf1b-40e8-9c0f-e07decdf6754 (in type-service.js)
[2020-04-17T14:55:43.753Z] INFO: cache miss a51d76c4-4f25-422c-be01-a709bf510092 ab378db5-7de7-466f-96da-8d2eb72b2915 (in type-service.js)
[2020-04-17T14:55:43.761Z] INFO: cache miss a51d76c4-4f25-422c-be01-a709bf510092 b18e8d77-46c0-41f6-b9fe-6ba0229ddb40 (in type-service.js)
[2020-04-17T14:55:43.768Z] INFO: cache miss a51d76c4-4f25-422c-be01-a709bf510092 ab92b96f-39d4-407b-9829-eb7473f11b30 (in type-service.js)
[2020-04-17T14:55:43.777Z] INFO: cache miss a51d76c4-4f25-422c-be01-a709bf510092 d08ea79d-a146-484f-90c1-75e04ab008db (in type-service.js)
[2020-04-17T14:55:43.778Z] INFO: cache miss a51d76c4-4f25-422c-be01-a709bf510092 a5f5caa6-ac02-43b9-b1cf-cb794a55481b (in type-service.js)
[2020-04-17T14:55:43.778Z] INFO: cache miss a51d76c4-4f25-422c-be01-a709bf510092 9c1140c4-ecf5-451f-b1e7-7380546624ad (in type-service.js)
[2020-04-17T14:55:43.779Z] INFO: cache miss a51d76c4-4f25-422c-be01-a709bf510092 2d9bb39e-68df-458f-a0b5-f6d0cebf4319 (in type-service.js)
[2020-04-17T14:55:43.785Z] INFO: cache miss a51d76c4-4f25-422c-be01-a709bf510092 9f597d84-166c-480b-88d4-a15cee9eae7b (in type-service.js)
[2020-04-17T14:55:43.786Z] INFO: cache miss a51d76c4-4f25-422c-be01-a709bf510092 b9c600df-d5a6-416b-8c9d-c74d566de2fe (in type-service.js)
[2020-04-17T14:55:43.786Z] INFO: cache miss a51d76c4-4f25-422c-be01-a709bf510092 68579484-8a07-4d15-a9dd-4606991cb01d (in type-service.js)
[2020-04-17T14:55:43.786Z] INFO: cache miss a51d76c4-4f25-422c-be01-a709bf510092 6be9a50c-dcab-4d2c-bda8-14506a2e9eef (in type-service.js)
[2020-04-17T14:55:43.792Z] INFO: cache miss a51d76c4-4f25-422c-be01-a709bf510092 3e72c4a8-4075-4625-8f25-2f1ac88db824 (in type-service.js)
[2020-04-17T14:55:43.792Z] INFO: cache miss a51d76c4-4f25-422c-be01-a709bf510092 f27a1d55-a523-4e75-8aa4-6262d3901bb2 (in type-service.js)
[2020-04-17T14:55:43.792Z] INFO: cache miss a51d76c4-4f25-422c-be01-a709bf510092 e05a90f1-6061-4aad-90d1-69c25908fb9c (in type-service.js)
[2020-04-17T14:55:43.792Z] INFO: cache miss a51d76c4-4f25-422c-be01-a709bf510092 1cac04a8-1f20-4ca9-9f70-4b5b95a955ab (in type-service.js)
[2020-04-17T14:55:43.792Z] INFO: cache miss a51d76c4-4f25-422c-be01-a709bf510092 e1a12714-70eb-4ca8-a299-937dbd5ef022 (in type-service.js)
[2020-04-17T14:55:43.792Z] INFO: cache miss a51d76c4-4f25-422c-be01-a709bf510092 b5f453f6-ba23-420b-85fc-e50af2ed9d43 (in type-service.js)
[2020-04-17T14:55:43.792Z] INFO: cache miss a51d76c4-4f25-422c-be01-a709bf510092 10372863-c812-4fe4-ab50-e52a8f17f8fc (in type-service.js)
[2020-04-17T14:55:43.799Z] INFO: cache miss a51d76c4-4f25-422c-be01-a709bf510092 0321de0f-b86b-46b3-9699-9d8241e83b76 (in type-service.js)
[2020-04-17T14:55:43.804Z] INFO: cache miss a51d76c4-4f25-422c-be01-a709bf510092 92f49765-3679-4018-851a-74d9e67e7079 (in type-service.js)
[2020-04-17T14:55:43.804Z] INFO: cache miss a51d76c4-4f25-422c-be01-a709bf510092 cb7d311e-1a61-4806-87ef-f9d09b0b5e05 (in type-service.js)
[2020-04-17T14:55:43.804Z] INFO: cache miss a51d76c4-4f25-422c-be01-a709bf510092 2bec3db3-bc38-41f8-8090-d7ac8aa18d74 (in type-service.js)
[2020-04-17T14:55:43.804Z] INFO: cache miss a51d76c4-4f25-422c-be01-a709bf510092 4b556f38-02ce-4785-afa4-3730cd8af7c1 (in type-service.js)
[2020-04-17T14:55:43.805Z] INFO: cache miss a51d76c4-4f25-422c-be01-a709bf510092 0f11c42b-009d-47b6-adcd-a27cc37ae6e1 (in type-service.js)
[2020-04-17T14:55:43.812Z] INFO: cache miss a51d76c4-4f25-422c-be01-a709bf510092 a29fb792-e3b3-425e-a357-b800a8c9c282 (in type-service.js)
[2020-04-17T14:55:43.812Z] INFO: cache miss a51d76c4-4f25-422c-be01-a709bf510092 e06a83c6-925f-4975-a0b8-19bf75b3950d (in type-service.js)
[2020-04-17T14:55:44.024Z] INFO: type tagging 28 datasets took 299ms (in type-service.js)
[2020-04-17T14:55:58.589Z] INFO: type-service listening at http://0.0.0.0:8010 (in type-service.js)
[2020-04-17T14:55:58.590Z] INFO: type-service listening at http://0.0.0.0:8110 (in type-service.js)
[2020-04-17T14:56:03.032Z] INFO: cache miss a51d76c4-4f25-422c-be01-a709bf510092 7b4fe237-5449-4c36-a127-0b2de943598d (in type-service.js)
[2020-04-17T14:56:03.032Z] INFO: cache miss a51d76c4-4f25-422c-be01-a709bf510092 3d6b95e1-bf1b-40e8-9c0f-e07decdf6754 (in type-service.js)
[2020-04-17T14:56:03.033Z] INFO: cache miss a51d76c4-4f25-422c-be01-a709bf510092 ab378db5-7de7-466f-96da-8d2eb72b2915 (in type-service.js)
[2020-04-17T14:56:03.042Z] INFO: cache miss a51d76c4-4f25-422c-be01-a709bf510092 b18e8d77-46c0-41f6-b9fe-6ba0229ddb40 (in type-service.js)
[2020-04-17T14:56:03.049Z] INFO: cache miss a51d76c4-4f25-422c-be01-a709bf510092 ab92b96f-39d4-407b-9829-eb7473f11b30 (in type-service.js)
[2020-04-17T14:56:03.063Z] INFO: cache miss a51d76c4-4f25-422c-be01-a709bf510092 d08ea79d-a146-484f-90c1-75e04ab008db (in type-service.js)
[2020-04-17T14:56:03.063Z] INFO: cache miss a51d76c4-4f25-422c-be01-a709bf510092 a5f5caa6-ac02-43b9-b1cf-cb794a55481b (in type-service.js)
[2020-04-17T14:56:03.064Z] INFO: cache miss a51d76c4-4f25-422c-be01-a709bf510092 9c1140c4-ecf5-451f-b1e7-7380546624ad (in type-service.js)
[2020-04-17T14:56:03.064Z] INFO: cache miss a51d76c4-4f25-422c-be01-a709bf510092 2d9bb39e-68df-458f-a0b5-f6d0cebf4319 (in type-service.js)
[2020-04-17T14:56:03.072Z] INFO: cache miss a51d76c4-4f25-422c-be01-a709bf510092 9f597d84-166c-480b-88d4-a15cee9eae7b (in type-service.js)
[2020-04-17T14:56:03.073Z] INFO: cache miss a51d76c4-4f25-422c-be01-a709bf510092 b9c600df-d5a6-416b-8c9d-c74d566de2fe (in type-service.js)
[2020-04-17T14:56:03.073Z] INFO: cache miss a51d76c4-4f25-422c-be01-a709bf510092 68579484-8a07-4d15-a9dd-4606991cb01d (in type-service.js)
[2020-04-17T14:56:03.073Z] INFO: cache miss a51d76c4-4f25-422c-be01-a709bf510092 6be9a50c-dcab-4d2c-bda8-14506a2e9eef (in type-service.js)
[2020-04-17T14:56:03.080Z] INFO: cache miss a51d76c4-4f25-422c-be01-a709bf510092 3e72c4a8-4075-4625-8f25-2f1ac88db824 (in type-service.js)
[2020-04-17T14:56:03.080Z] INFO: cache miss a51d76c4-4f25-422c-be01-a709bf510092 f27a1d55-a523-4e75-8aa4-6262d3901bb2 (in type-service.js)
[2020-04-17T14:56:03.080Z] INFO: cache miss a51d76c4-4f25-422c-be01-a709bf510092 e05a90f1-6061-4aad-90d1-69c25908fb9c (in type-service.js)
[2020-04-17T14:56:03.080Z] INFO: cache miss a51d76c4-4f25-422c-be01-a709bf510092 1cac04a8-1f20-4ca9-9f70-4b5b95a955ab (in type-service.js)
[2020-04-17T14:56:03.082Z] INFO: cache miss a51d76c4-4f25-422c-be01-a709bf510092 e1a12714-70eb-4ca8-a299-937dbd5ef022 (in type-service.js)
[2020-04-17T14:56:03.082Z] INFO: cache miss a51d76c4-4f25-422c-be01-a709bf510092 b5f453f6-ba23-420b-85fc-e50af2ed9d43 (in type-service.js)
[2020-04-17T14:56:03.082Z] INFO: cache miss a51d76c4-4f25-422c-be01-a709bf510092 10372863-c812-4fe4-ab50-e52a8f17f8fc (in type-service.js)
[2020-04-17T14:56:03.091Z] INFO: cache miss a51d76c4-4f25-422c-be01-a709bf510092 0321de0f-b86b-46b3-9699-9d8241e83b76 (in type-service.js)
[2020-04-17T14:56:03.099Z] INFO: cache miss a51d76c4-4f25-422c-be01-a709bf510092 92f49765-3679-4018-851a-74d9e67e7079 (in type-service.js)
[2020-04-17T14:56:03.100Z] INFO: cache miss a51d76c4-4f25-422c-be01-a709bf510092 cb7d311e-1a61-4806-87ef-f9d09b0b5e05 (in type-service.js)
[2020-04-17T14:56:03.100Z] INFO: cache miss a51d76c4-4f25-422c-be01-a709bf510092 2bec3db3-bc38-41f8-8090-d7ac8aa18d74 (in type-service.js)
[2020-04-17T14:56:03.100Z] INFO: cache miss a51d76c4-4f25-422c-be01-a709bf510092 4b556f38-02ce-4785-afa4-3730cd8af7c1 (in type-service.js)
[2020-04-17T14:56:03.100Z] INFO: cache miss a51d76c4-4f25-422c-be01-a709bf510092 0f11c42b-009d-47b6-adcd-a27cc37ae6e1 (in type-service.js)
[2020-04-17T14:56:03.109Z] INFO: cache miss a51d76c4-4f25-422c-be01-a709bf510092 a29fb792-e3b3-425e-a357-b800a8c9c282 (in type-service.js)
[2020-04-17T14:56:03.109Z] INFO: cache miss a51d76c4-4f25-422c-be01-a709bf510092 e06a83c6-925f-4975-a0b8-19bf75b3950d (in type-service.js)
[2020-04-17T14:56:03.259Z] INFO: type tagging 28 datasets took 257ms (in type-service.js)
[2020-04-17T14:56:09.598Z] INFO: cache miss bde1fe33-c35e-477d-918b-89a856315165 4d3f7b76-6fe5-4766-bd7e-b018e35fdf2f (in type-service.js)
[2020-04-17T14:56:09.598Z] INFO: cache miss bde1fe33-c35e-477d-918b-89a856315165 a8b75573-5a9a-4263-8320-5f364ebb65b5 (in type-service.js)
[2020-04-17T14:56:09.598Z] INFO: cache miss bde1fe33-c35e-477d-918b-89a856315165 f6399c71-eb28-4895-93d2-33df1c018a2a (in type-service.js)
[2020-04-17T14:56:09.598Z] INFO: cache miss bde1fe33-c35e-477d-918b-89a856315165 aafab0a2-8b30-4ef2-9325-c552ffb0a125 (in type-service.js)
[2020-04-17T14:56:09.607Z] INFO: cache miss bde1fe33-c35e-477d-918b-89a856315165 06a7ce01-6ab2-420a-826f-4ac8f3f7fe8c (in type-service.js)
[2020-04-17T14:56:09.615Z] INFO: cache miss bde1fe33-c35e-477d-918b-89a856315165 d041dac3-475d-4940-a8d8-056727ab7906 (in type-service.js)
[2020-04-17T14:56:09.625Z] INFO: cache miss bde1fe33-c35e-477d-918b-89a856315165 d1aca81c-8ebd-439f-b669-bff40f94f3c3 (in type-service.js)
[2020-04-17T14:56:09.632Z] INFO: cache miss bde1fe33-c35e-477d-918b-89a856315165 e866b058-907d-4a2c-bb53-61cdcdc478f7 (in type-service.js)
[2020-04-17T14:56:09.637Z] INFO: cache miss bde1fe33-c35e-477d-918b-89a856315165 a3a60c07-6901-456c-97da-7e970ac7b0cb (in type-service.js)
[2020-04-17T14:56:09.643Z] INFO: cache miss bde1fe33-c35e-477d-918b-89a856315165 d0d473b3-ecf2-4eb2-abd2-68504e6f8777 (in type-service.js)
[2020-04-17T14:56:09.643Z] INFO: cache miss bde1fe33-c35e-477d-918b-89a856315165 30fc6f66-6b88-43bc-80e6-63b1e5a263e6 (in type-service.js)
[2020-04-17T14:56:09.643Z] INFO: cache miss bde1fe33-c35e-477d-918b-89a856315165 fb6e4c55-615d-4446-bb26-63603a6697a4 (in type-service.js)
[2020-04-17T14:56:09.643Z] INFO: cache miss bde1fe33-c35e-477d-918b-89a856315165 63a2edd7-8a0d-472f-8891-101467a3a288 (in type-service.js)
[2020-04-17T14:56:09.643Z] INFO: cache miss bde1fe33-c35e-477d-918b-89a856315165 21800477-454d-45e3-8798-c9a7af2933f9 (in type-service.js)
[2020-04-17T14:56:09.643Z] INFO: cache miss bde1fe33-c35e-477d-918b-89a856315165 4802405f-2068-46f4-84d5-ff8dbeae3083 (in type-service.js)
[2020-04-17T14:56:09.649Z] INFO: cache miss bde1fe33-c35e-477d-918b-89a856315165 6837c590-b408-4b6a-b3a6-90e06980823b (in type-service.js)
[2020-04-17T14:56:09.763Z] INFO: type tagging 16 datasets took 189ms (in type-service.js)
[2020-04-17T14:56:18.097Z] INFO: type tagging 16 datasets took 29ms (in type-service.js)
[2020-04-17T14:59:53.756Z] INFO: type-service listening at http://0.0.0.0:8010 (in type-service.js)
[2020-04-17T14:59:53.757Z] INFO: type-service listening at http://0.0.0.0:8110 (in type-service.js)
[2020-04-17T15:00:02.439Z] INFO: cache miss a51d76c4-4f25-422c-be01-a709bf510092 cb7d311e-1a61-4806-87ef-f9d09b0b5e05 (in type-service.js)
[2020-04-17T15:00:02.440Z] INFO: cache miss a51d76c4-4f25-422c-be01-a709bf510092 d08ea79d-a146-484f-90c1-75e04ab008db (in type-service.js)
[2020-04-17T15:00:02.440Z] INFO: cache miss a51d76c4-4f25-422c-be01-a709bf510092 2d9bb39e-68df-458f-a0b5-f6d0cebf4319 (in type-service.js)
[2020-04-17T15:00:02.450Z] INFO: cache miss a51d76c4-4f25-422c-be01-a709bf510092 0f11c42b-009d-47b6-adcd-a27cc37ae6e1 (in type-service.js)
[2020-04-17T15:00:02.462Z] INFO: cache miss a51d76c4-4f25-422c-be01-a709bf510092 2bec3db3-bc38-41f8-8090-d7ac8aa18d74 (in type-service.js)
[2020-04-17T15:00:02.462Z] INFO: cache miss a51d76c4-4f25-422c-be01-a709bf510092 f27a1d55-a523-4e75-8aa4-6262d3901bb2 (in type-service.js)
[2020-04-17T15:00:02.462Z] INFO: cache miss a51d76c4-4f25-422c-be01-a709bf510092 ab92b96f-39d4-407b-9829-eb7473f11b30 (in type-service.js)
[2020-04-17T15:00:02.472Z] INFO: cache miss a51d76c4-4f25-422c-be01-a709bf510092 92f49765-3679-4018-851a-74d9e67e7079 (in type-service.js)
[2020-04-17T15:00:02.472Z] INFO: cache miss a51d76c4-4f25-422c-be01-a709bf510092 9f597d84-166c-480b-88d4-a15cee9eae7b (in type-service.js)
[2020-04-17T15:00:02.472Z] INFO: cache miss a51d76c4-4f25-422c-be01-a709bf510092 3e72c4a8-4075-4625-8f25-2f1ac88db824 (in type-service.js)
[2020-04-17T15:00:02.472Z] INFO: cache miss a51d76c4-4f25-422c-be01-a709bf510092 10372863-c812-4fe4-ab50-e52a8f17f8fc (in type-service.js)
[2020-04-17T15:00:02.478Z] INFO: cache miss a51d76c4-4f25-422c-be01-a709bf510092 6be9a50c-dcab-4d2c-bda8-14506a2e9eef (in type-service.js)
[2020-04-17T15:00:02.487Z] INFO: cache miss a51d76c4-4f25-422c-be01-a709bf510092 b5f453f6-ba23-420b-85fc-e50af2ed9d43 (in type-service.js)
[2020-04-17T15:00:02.487Z] INFO: cache miss a51d76c4-4f25-422c-be01-a709bf510092 a29fb792-e3b3-425e-a357-b800a8c9c282 (in type-service.js)
[2020-04-17T15:00:02.487Z] INFO: cache miss a51d76c4-4f25-422c-be01-a709bf510092 3d6b95e1-bf1b-40e8-9c0f-e07decdf6754 (in type-service.js)
[2020-04-17T15:00:02.488Z] INFO: cache miss a51d76c4-4f25-422c-be01-a709bf510092 4b556f38-02ce-4785-afa4-3730cd8af7c1 (in type-service.js)
[2020-04-17T15:00:02.488Z] INFO: cache miss a51d76c4-4f25-422c-be01-a709bf510092 0321de0f-b86b-46b3-9699-9d8241e83b76 (in type-service.js)
[2020-04-17T15:00:02.494Z] INFO: cache miss a51d76c4-4f25-422c-be01-a709bf510092 1cac04a8-1f20-4ca9-9f70-4b5b95a955ab (in type-service.js)
[2020-04-17T15:00:02.494Z] INFO: cache miss a51d76c4-4f25-422c-be01-a709bf510092 b9c600df-d5a6-416b-8c9d-c74d566de2fe (in type-service.js)
[2020-04-17T15:00:02.494Z] INFO: cache miss a51d76c4-4f25-422c-be01-a709bf510092 e1a12714-70eb-4ca8-a299-937dbd5ef022 (in type-service.js)
[2020-04-17T15:00:02.494Z] INFO: cache miss a51d76c4-4f25-422c-be01-a709bf510092 b18e8d77-46c0-41f6-b9fe-6ba0229ddb40 (in type-service.js)
[2020-04-17T15:00:02.500Z] INFO: cache miss a51d76c4-4f25-422c-be01-a709bf510092 a5f5caa6-ac02-43b9-b1cf-cb794a55481b (in type-service.js)
[2020-04-17T15:00:02.500Z] INFO: cache miss a51d76c4-4f25-422c-be01-a709bf510092 e06a83c6-925f-4975-a0b8-19bf75b3950d (in type-service.js)
[2020-04-17T15:00:02.504Z] INFO: cache miss a51d76c4-4f25-422c-be01-a709bf510092 e05a90f1-6061-4aad-90d1-69c25908fb9c (in type-service.js)
[2020-04-17T15:00:02.504Z] INFO: cache miss a51d76c4-4f25-422c-be01-a709bf510092 ab378db5-7de7-466f-96da-8d2eb72b2915 (in type-service.js)
[2020-04-17T15:00:02.511Z] INFO: cache miss a51d76c4-4f25-422c-be01-a709bf510092 7b4fe237-5449-4c36-a127-0b2de943598d (in type-service.js)
[2020-04-17T15:00:02.511Z] INFO: cache miss a51d76c4-4f25-422c-be01-a709bf510092 68579484-8a07-4d15-a9dd-4606991cb01d (in type-service.js)
[2020-04-17T15:00:02.511Z] INFO: cache miss a51d76c4-4f25-422c-be01-a709bf510092 9c1140c4-ecf5-451f-b1e7-7380546624ad (in type-service.js)
[2020-04-17T15:00:02.746Z] INFO: type tagging 28 datasets took 355ms (in type-service.js)
[2020-04-17T15:03:50.740Z] INFO: type-service listening at http://0.0.0.0:8010 (in type-service.js)
[2020-04-17T15:03:50.741Z] INFO: type-service listening at http://0.0.0.0:8110 (in type-service.js)
[2020-04-17T15:04:01.906Z] INFO: cache miss a51d76c4-4f25-422c-be01-a709bf510092 7b4fe237-5449-4c36-a127-0b2de943598d (in type-service.js)
[2020-04-17T15:04:01.906Z] INFO: cache miss a51d76c4-4f25-422c-be01-a709bf510092 3d6b95e1-bf1b-40e8-9c0f-e07decdf6754 (in type-service.js)
[2020-04-17T15:04:01.907Z] INFO: cache miss a51d76c4-4f25-422c-be01-a709bf510092 ab378db5-7de7-466f-96da-8d2eb72b2915 (in type-service.js)
[2020-04-17T15:04:01.916Z] INFO: cache miss a51d76c4-4f25-422c-be01-a709bf510092 b18e8d77-46c0-41f6-b9fe-6ba0229ddb40 (in type-service.js)
[2020-04-17T15:04:01.928Z] INFO: cache miss a51d76c4-4f25-422c-be01-a709bf510092 ab92b96f-39d4-407b-9829-eb7473f11b30 (in type-service.js)
[2020-04-17T15:04:01.938Z] INFO: cache miss a51d76c4-4f25-422c-be01-a709bf510092 d08ea79d-a146-484f-90c1-75e04ab008db (in type-service.js)
[2020-04-17T15:04:01.938Z] INFO: cache miss a51d76c4-4f25-422c-be01-a709bf510092 a5f5caa6-ac02-43b9-b1cf-cb794a55481b (in type-service.js)
[2020-04-17T15:04:01.938Z] INFO: cache miss a51d76c4-4f25-422c-be01-a709bf510092 9c1140c4-ecf5-451f-b1e7-7380546624ad (in type-service.js)
[2020-04-17T15:04:01.938Z] INFO: cache miss a51d76c4-4f25-422c-be01-a709bf510092 2d9bb39e-68df-458f-a0b5-f6d0cebf4319 (in type-service.js)
[2020-04-17T15:04:01.947Z] INFO: cache miss a51d76c4-4f25-422c-be01-a709bf510092 9f597d84-166c-480b-88d4-a15cee9eae7b (in type-service.js)
[2020-04-17T15:04:01.947Z] INFO: cache miss a51d76c4-4f25-422c-be01-a709bf510092 b9c600df-d5a6-416b-8c9d-c74d566de2fe (in type-service.js)
[2020-04-17T15:04:01.947Z] INFO: cache miss a51d76c4-4f25-422c-be01-a709bf510092 68579484-8a07-4d15-a9dd-4606991cb01d (in type-service.js)
[2020-04-17T15:04:01.948Z] INFO: cache miss a51d76c4-4f25-422c-be01-a709bf510092 6be9a50c-dcab-4d2c-bda8-14506a2e9eef (in type-service.js)
[2020-04-17T15:04:01.959Z] INFO: cache miss a51d76c4-4f25-422c-be01-a709bf510092 3e72c4a8-4075-4625-8f25-2f1ac88db824 (in type-service.js)
[2020-04-17T15:04:01.960Z] INFO: cache miss a51d76c4-4f25-422c-be01-a709bf510092 f27a1d55-a523-4e75-8aa4-6262d3901bb2 (in type-service.js)
[2020-04-17T15:04:01.960Z] INFO: cache miss a51d76c4-4f25-422c-be01-a709bf510092 e05a90f1-6061-4aad-90d1-69c25908fb9c (in type-service.js)
[2020-04-17T15:04:01.960Z] INFO: cache miss a51d76c4-4f25-422c-be01-a709bf510092 1cac04a8-1f20-4ca9-9f70-4b5b95a955ab (in type-service.js)
[2020-04-17T15:04:01.960Z] INFO: cache miss a51d76c4-4f25-422c-be01-a709bf510092 e1a12714-70eb-4ca8-a299-937dbd5ef022 (in type-service.js)
[2020-04-17T15:04:01.960Z] INFO: cache miss a51d76c4-4f25-422c-be01-a709bf510092 b5f453f6-ba23-420b-85fc-e50af2ed9d43 (in type-service.js)
[2020-04-17T15:04:01.960Z] INFO: cache miss a51d76c4-4f25-422c-be01-a709bf510092 10372863-c812-4fe4-ab50-e52a8f17f8fc (in type-service.js)
[2020-04-17T15:04:01.969Z] INFO: cache miss a51d76c4-4f25-422c-be01-a709bf510092 0321de0f-b86b-46b3-9699-9d8241e83b76 (in type-service.js)
[2020-04-17T15:04:01.976Z] INFO: cache miss a51d76c4-4f25-422c-be01-a709bf510092 92f49765-3679-4018-851a-74d9e67e7079 (in type-service.js)
[2020-04-17T15:04:01.976Z] INFO: cache miss a51d76c4-4f25-422c-be01-a709bf510092 cb7d311e-1a61-4806-87ef-f9d09b0b5e05 (in type-service.js)
[2020-04-17T15:04:01.976Z] INFO: cache miss a51d76c4-4f25-422c-be01-a709bf510092 2bec3db3-bc38-41f8-8090-d7ac8aa18d74 (in type-service.js)
[2020-04-17T15:04:01.976Z] INFO: cache miss a51d76c4-4f25-422c-be01-a709bf510092 4b556f38-02ce-4785-afa4-3730cd8af7c1 (in type-service.js)
[2020-04-17T15:04:01.976Z] INFO: cache miss a51d76c4-4f25-422c-be01-a709bf510092 0f11c42b-009d-47b6-adcd-a27cc37ae6e1 (in type-service.js)
[2020-04-17T15:04:01.983Z] INFO: cache miss a51d76c4-4f25-422c-be01-a709bf510092 a29fb792-e3b3-425e-a357-b800a8c9c282 (in type-service.js)
[2020-04-17T15:04:01.984Z] INFO: cache miss a51d76c4-4f25-422c-be01-a709bf510092 e06a83c6-925f-4975-a0b8-19bf75b3950d (in type-service.js)
[2020-04-17T15:04:32.358Z] INFO: cache miss a51d76c4-4f25-422c-be01-a709bf510092 2d9bb39e-68df-458f-a0b5-f6d0cebf4319 (in type-service.js)
[2020-04-17T15:04:32.365Z] INFO: cache miss a51d76c4-4f25-422c-be01-a709bf510092 0f11c42b-009d-47b6-adcd-a27cc37ae6e1 (in type-service.js)
[2020-04-17T15:04:32.372Z] INFO: cache miss a51d76c4-4f25-422c-be01-a709bf510092 ab92b96f-39d4-407b-9829-eb7473f11b30 (in type-service.js)
[2020-04-17T15:04:32.379Z] INFO: cache miss a51d76c4-4f25-422c-be01-a709bf510092 10372863-c812-4fe4-ab50-e52a8f17f8fc (in type-service.js)
[2020-04-17T15:04:32.388Z] INFO: cache miss a51d76c4-4f25-422c-be01-a709bf510092 6be9a50c-dcab-4d2c-bda8-14506a2e9eef (in type-service.js)
[2020-04-17T15:04:32.407Z] INFO: cache miss a51d76c4-4f25-422c-be01-a709bf510092 0321de0f-b86b-46b3-9699-9d8241e83b76 (in type-service.js)
[2020-04-17T15:04:32.423Z] INFO: cache miss a51d76c4-4f25-422c-be01-a709bf510092 b18e8d77-46c0-41f6-b9fe-6ba0229ddb40 (in type-service.js)
[2020-04-17T15:04:32.437Z] INFO: cache miss a51d76c4-4f25-422c-be01-a709bf510092 e06a83c6-925f-4975-a0b8-19bf75b3950d (in type-service.js)
[2020-04-17T15:04:32.455Z] INFO: cache miss a51d76c4-4f25-422c-be01-a709bf510092 ab378db5-7de7-466f-96da-8d2eb72b2915 (in type-service.js)
[2020-04-17T15:05:25.402Z] INFO: type-service listening at http://0.0.0.0:8010 (in type-service.js)
[2020-04-17T15:05:25.403Z] INFO: type-service listening at http://0.0.0.0:8110 (in type-service.js)
[2020-04-17T15:05:33.028Z] INFO: cache miss a51d76c4-4f25-422c-be01-a709bf510092 7b4fe237-5449-4c36-a127-0b2de943598d (in type-service.js)
[2020-04-17T15:05:33.028Z] INFO: cache miss a51d76c4-4f25-422c-be01-a709bf510092 3d6b95e1-bf1b-40e8-9c0f-e07decdf6754 (in type-service.js)
[2020-04-17T15:05:33.029Z] INFO: cache miss a51d76c4-4f25-422c-be01-a709bf510092 ab378db5-7de7-466f-96da-8d2eb72b2915 (in type-service.js)
[2020-04-17T15:05:33.037Z] INFO: cache miss a51d76c4-4f25-422c-be01-a709bf510092 b18e8d77-46c0-41f6-b9fe-6ba0229ddb40 (in type-service.js)
[2020-04-17T15:05:33.043Z] INFO: cache miss a51d76c4-4f25-422c-be01-a709bf510092 ab92b96f-39d4-407b-9829-eb7473f11b30 (in type-service.js)
[2020-04-17T15:05:33.053Z] INFO: cache miss a51d76c4-4f25-422c-be01-a709bf510092 d08ea79d-a146-484f-90c1-75e04ab008db (in type-service.js)
[2020-04-17T15:05:33.053Z] INFO: cache miss a51d76c4-4f25-422c-be01-a709bf510092 a5f5caa6-ac02-43b9-b1cf-cb794a55481b (in type-service.js)
[2020-04-17T15:05:33.053Z] INFO: cache miss a51d76c4-4f25-422c-be01-a709bf510092 9c1140c4-ecf5-451f-b1e7-7380546624ad (in type-service.js)
[2020-04-17T15:05:33.053Z] INFO: cache miss a51d76c4-4f25-422c-be01-a709bf510092 2d9bb39e-68df-458f-a0b5-f6d0cebf4319 (in type-service.js)
[2020-04-17T15:05:33.060Z] INFO: cache miss a51d76c4-4f25-422c-be01-a709bf510092 9f597d84-166c-480b-88d4-a15cee9eae7b (in type-service.js)
[2020-04-17T15:05:33.060Z] INFO: cache miss a51d76c4-4f25-422c-be01-a709bf510092 b9c600df-d5a6-416b-8c9d-c74d566de2fe (in type-service.js)
[2020-04-17T15:05:33.061Z] INFO: cache miss a51d76c4-4f25-422c-be01-a709bf510092 68579484-8a07-4d15-a9dd-4606991cb01d (in type-service.js)
[2020-04-17T15:05:33.061Z] INFO: cache miss a51d76c4-4f25-422c-be01-a709bf510092 6be9a50c-dcab-4d2c-bda8-14506a2e9eef (in type-service.js)
[2020-04-17T15:05:33.067Z] INFO: cache miss a51d76c4-4f25-422c-be01-a709bf510092 3e72c4a8-4075-4625-8f25-2f1ac88db824 (in type-service.js)
[2020-04-17T15:05:33.067Z] INFO: cache miss a51d76c4-4f25-422c-be01-a709bf510092 f27a1d55-a523-4e75-8aa4-6262d3901bb2 (in type-service.js)
[2020-04-17T15:05:33.067Z] INFO: cache miss a51d76c4-4f25-422c-be01-a709bf510092 e05a90f1-6061-4aad-90d1-69c25908fb9c (in type-service.js)
[2020-04-17T15:05:33.067Z] INFO: cache miss a51d76c4-4f25-422c-be01-a709bf510092 1cac04a8-1f20-4ca9-9f70-4b5b95a955ab (in type-service.js)
[2020-04-17T15:05:33.068Z] INFO: cache miss a51d76c4-4f25-422c-be01-a709bf510092 e1a12714-70eb-4ca8-a299-937dbd5ef022 (in type-service.js)
[2020-04-17T15:05:33.068Z] INFO: cache miss a51d76c4-4f25-422c-be01-a709bf510092 b5f453f6-ba23-420b-85fc-e50af2ed9d43 (in type-service.js)
[2020-04-17T15:05:33.068Z] INFO: cache miss a51d76c4-4f25-422c-be01-a709bf510092 10372863-c812-4fe4-ab50-e52a8f17f8fc (in type-service.js)
[2020-04-17T15:05:33.075Z] INFO: cache miss a51d76c4-4f25-422c-be01-a709bf510092 0321de0f-b86b-46b3-9699-9d8241e83b76 (in type-service.js)
[2020-04-17T15:05:33.080Z] INFO: cache miss a51d76c4-4f25-422c-be01-a709bf510092 92f49765-3679-4018-851a-74d9e67e7079 (in type-service.js)
[2020-04-17T15:05:33.081Z] INFO: cache miss a51d76c4-4f25-422c-be01-a709bf510092 cb7d311e-1a61-4806-87ef-f9d09b0b5e05 (in type-service.js)
[2020-04-17T15:05:33.081Z] INFO: cache miss a51d76c4-4f25-422c-be01-a709bf510092 2bec3db3-bc38-41f8-8090-d7ac8aa18d74 (in type-service.js)
[2020-04-17T15:05:33.081Z] INFO: cache miss a51d76c4-4f25-422c-be01-a709bf510092 4b556f38-02ce-4785-afa4-3730cd8af7c1 (in type-service.js)
[2020-04-17T15:05:33.081Z] INFO: cache miss a51d76c4-4f25-422c-be01-a709bf510092 0f11c42b-009d-47b6-adcd-a27cc37ae6e1 (in type-service.js)
[2020-04-17T15:05:33.091Z] INFO: cache miss a51d76c4-4f25-422c-be01-a709bf510092 a29fb792-e3b3-425e-a357-b800a8c9c282 (in type-service.js)
[2020-04-17T15:05:33.091Z] INFO: cache miss a51d76c4-4f25-422c-be01-a709bf510092 e06a83c6-925f-4975-a0b8-19bf75b3950d (in type-service.js)
[2020-04-17T15:05:33.245Z] INFO: type tagging 28 datasets took 299ms (in type-service.js)
[2020-04-17T15:15:28.124Z] INFO: type tagging 28 datasets took 100ms (in type-service.js)
[2020-04-20T05:17:19.023Z] INFO: type tagging 28 datasets took 80ms (in type-service.js)
[2020-04-20T05:48:26.274Z] INFO: type tagging 28 datasets took 85ms (in type-service.js)
[2020-04-20T06:29:31.588Z] INFO: type tagging 28 datasets took 70ms (in type-service.js)
[2020-04-20T06:56:52.359Z] INFO: type tagging 28 datasets took 42ms (in type-service.js)
[2020-04-20T12:13:40.427Z] INFO: type tagging 28 datasets took 73ms (in type-service.js)
[2020-04-20T15:38:05.242Z] INFO: type tagging 28 datasets took 156ms (in type-service.js)
[2020-04-20T16:33:39.591Z] INFO: type tagging 28 datasets took 159ms (in type-service.js)
[2020-04-21T06:00:54.374Z] INFO: type tagging 28 datasets took 138ms (in type-service.js)
[2020-04-21T09:48:10.720Z] INFO: type tagging 28 datasets took 91ms (in type-service.js)
[2020-04-21T10:31:16.178Z] INFO: type tagging 28 datasets took 75ms (in type-service.js)
[2020-04-21T14:42:59.500Z] INFO: type tagging 28 datasets took 77ms (in type-service.js)
[2020-04-21T15:35:15.908Z] INFO: type tagging 28 datasets took 115ms (in type-service.js)
[2020-04-22T06:36:10.403Z] INFO: type tagging 28 datasets took 90ms (in type-service.js)
[2020-04-22T12:48:20.241Z] INFO: type tagging 28 datasets took 124ms (in type-service.js)
[2020-04-22T13:27:25.232Z] INFO: type tagging 28 datasets took 44ms (in type-service.js)
[2020-04-22T14:10:11.285Z] INFO: type tagging 28 datasets took 62ms (in type-service.js)
[2020-04-23T06:18:11.063Z] INFO: type tagging 28 datasets took 134ms (in type-service.js)
[2020-04-23T07:31:01.192Z] INFO: type tagging 28 datasets took 107ms (in type-service.js)
[2020-04-23T08:01:53.207Z] INFO: type tagging 28 datasets took 81ms (in type-service.js)
[2020-04-23T10:27:29.580Z] INFO: type tagging 28 datasets took 85ms (in type-service.js)
[2020-04-23T13:00:34.858Z] INFO: type tagging 28 datasets took 124ms (in type-service.js)
[2020-04-23T13:54:44.306Z] INFO: type tagging 28 datasets took 95ms (in type-service.js)
[2020-04-24T09:46:23.294Z] INFO: type tagging 28 datasets took 66ms (in type-service.js)
[2020-04-24T10:14:16.153Z] INFO: type tagging 28 datasets took 110ms (in type-service.js)
[2020-04-24T10:36:40.659Z] INFO: type tagging 28 datasets took 118ms (in type-service.js)
[2020-04-24T12:20:00.477Z] INFO: type tagging 28 datasets took 52ms (in type-service.js)
[2020-04-24T12:22:32.653Z] INFO: type tagging 28 datasets took 111ms (in type-service.js)
[2020-04-24T14:02:34.193Z] INFO: type tagging 28 datasets took 112ms (in type-service.js)
[2020-04-27T08:19:18.956Z] INFO: type-service listening at http://0.0.0.0:8010 (in type-service.js)
[2020-04-27T08:19:18.957Z] INFO: type-service listening at http://0.0.0.0:8110 (in type-service.js)
[2020-04-27T08:20:01.547Z] INFO: cache miss a51d76c4-4f25-422c-be01-a709bf510092 7b4fe237-5449-4c36-a127-0b2de943598d (in type-service.js)
[2020-04-27T08:20:01.547Z] INFO: cache miss a51d76c4-4f25-422c-be01-a709bf510092 3d6b95e1-bf1b-40e8-9c0f-e07decdf6754 (in type-service.js)
[2020-04-27T08:20:01.547Z] INFO: cache miss a51d76c4-4f25-422c-be01-a709bf510092 ab378db5-7de7-466f-96da-8d2eb72b2915 (in type-service.js)
[2020-04-27T08:20:01.556Z] INFO: cache miss a51d76c4-4f25-422c-be01-a709bf510092 b18e8d77-46c0-41f6-b9fe-6ba0229ddb40 (in type-service.js)
[2020-04-27T08:20:01.568Z] INFO: cache miss a51d76c4-4f25-422c-be01-a709bf510092 ab92b96f-39d4-407b-9829-eb7473f11b30 (in type-service.js)
[2020-04-27T08:20:01.576Z] INFO: cache miss a51d76c4-4f25-422c-be01-a709bf510092 d08ea79d-a146-484f-90c1-75e04ab008db (in type-service.js)
[2020-04-27T08:20:01.577Z] INFO: cache miss a51d76c4-4f25-422c-be01-a709bf510092 a5f5caa6-ac02-43b9-b1cf-cb794a55481b (in type-service.js)
[2020-04-27T08:20:01.577Z] INFO: cache miss a51d76c4-4f25-422c-be01-a709bf510092 9c1140c4-ecf5-451f-b1e7-7380546624ad (in type-service.js)
[2020-04-27T08:20:01.577Z] INFO: cache miss a51d76c4-4f25-422c-be01-a709bf510092 2d9bb39e-68df-458f-a0b5-f6d0cebf4319 (in type-service.js)
[2020-04-27T08:20:01.585Z] INFO: cache miss a51d76c4-4f25-422c-be01-a709bf510092 9f597d84-166c-480b-88d4-a15cee9eae7b (in type-service.js)
[2020-04-27T08:20:01.585Z] INFO: cache miss a51d76c4-4f25-422c-be01-a709bf510092 b9c600df-d5a6-416b-8c9d-c74d566de2fe (in type-service.js)
[2020-04-27T08:20:01.585Z] INFO: cache miss a51d76c4-4f25-422c-be01-a709bf510092 68579484-8a07-4d15-a9dd-4606991cb01d (in type-service.js)
[2020-04-27T08:20:01.585Z] INFO: cache miss a51d76c4-4f25-422c-be01-a709bf510092 6be9a50c-dcab-4d2c-bda8-14506a2e9eef (in type-service.js)
[2020-04-27T08:20:01.595Z] INFO: cache miss a51d76c4-4f25-422c-be01-a709bf510092 3e72c4a8-4075-4625-8f25-2f1ac88db824 (in type-service.js)
[2020-04-27T08:20:01.595Z] INFO: cache miss a51d76c4-4f25-422c-be01-a709bf510092 f27a1d55-a523-4e75-8aa4-6262d3901bb2 (in type-service.js)
[2020-04-27T08:20:01.595Z] INFO: cache miss a51d76c4-4f25-422c-be01-a709bf510092 e05a90f1-6061-4aad-90d1-69c25908fb9c (in type-service.js)
[2020-04-27T08:20:01.595Z] INFO: cache miss a51d76c4-4f25-422c-be01-a709bf510092 1cac04a8-1f20-4ca9-9f70-4b5b95a955ab (in type-service.js)
[2020-04-27T08:20:01.596Z] INFO: cache miss a51d76c4-4f25-422c-be01-a709bf510092 e1a12714-70eb-4ca8-a299-937dbd5ef022 (in type-service.js)
[2020-04-27T08:20:01.596Z] INFO: cache miss a51d76c4-4f25-422c-be01-a709bf510092 b5f453f6-ba23-420b-85fc-e50af2ed9d43 (in type-service.js)
[2020-04-27T08:20:01.596Z] INFO: cache miss a51d76c4-4f25-422c-be01-a709bf510092 10372863-c812-4fe4-ab50-e52a8f17f8fc (in type-service.js)
[2020-04-27T08:20:01.604Z] INFO: cache miss a51d76c4-4f25-422c-be01-a709bf510092 0321de0f-b86b-46b3-9699-9d8241e83b76 (in type-service.js)
[2020-04-27T08:20:01.611Z] INFO: cache miss a51d76c4-4f25-422c-be01-a709bf510092 92f49765-3679-4018-851a-74d9e67e7079 (in type-service.js)
[2020-04-27T08:20:01.611Z] INFO: cache miss a51d76c4-4f25-422c-be01-a709bf510092 cb7d311e-1a61-4806-87ef-f9d09b0b5e05 (in type-service.js)
[2020-04-27T08:20:01.611Z] INFO: cache miss a51d76c4-4f25-422c-be01-a709bf510092 2bec3db3-bc38-41f8-8090-d7ac8aa18d74 (in type-service.js)
[2020-04-27T08:20:01.611Z] INFO: cache miss a51d76c4-4f25-422c-be01-a709bf510092 4b556f38-02ce-4785-afa4-3730cd8af7c1 (in type-service.js)
[2020-04-27T08:20:01.611Z] INFO: cache miss a51d76c4-4f25-422c-be01-a709bf510092 0f11c42b-009d-47b6-adcd-a27cc37ae6e1 (in type-service.js)
[2020-04-27T08:20:01.617Z] INFO: cache miss a51d76c4-4f25-422c-be01-a709bf510092 a29fb792-e3b3-425e-a357-b800a8c9c282 (in type-service.js)
[2020-04-27T08:20:01.617Z] INFO: cache miss a51d76c4-4f25-422c-be01-a709bf510092 e06a83c6-925f-4975-a0b8-19bf75b3950d (in type-service.js)
[2020-04-27T08:20:01.857Z] INFO: type tagging 28 datasets took 698ms (in type-service.js)
[2020-04-27T08:31:46.296Z] INFO: type tagging 28 datasets took 185ms (in type-service.js)
[2020-04-27T08:32:16.992Z] INFO: type tagging 28 datasets took 228ms (in type-service.js)
[2020-04-27T08:37:06.146Z] INFO: type-service listening at http://0.0.0.0:8010 (in type-service.js)
[2020-04-27T08:37:06.147Z] INFO: type-service listening at http://0.0.0.0:8110 (in type-service.js)
[2020-04-27T08:37:33.274Z] INFO: cache miss a51d76c4-4f25-422c-be01-a709bf510092 7b4fe237-5449-4c36-a127-0b2de943598d (in type-service.js)
[2020-04-27T08:37:33.275Z] INFO: cache miss a51d76c4-4f25-422c-be01-a709bf510092 3d6b95e1-bf1b-40e8-9c0f-e07decdf6754 (in type-service.js)
[2020-04-27T08:37:33.275Z] INFO: cache miss a51d76c4-4f25-422c-be01-a709bf510092 ab378db5-7de7-466f-96da-8d2eb72b2915 (in type-service.js)
[2020-04-27T08:37:33.287Z] INFO: cache miss a51d76c4-4f25-422c-be01-a709bf510092 b18e8d77-46c0-41f6-b9fe-6ba0229ddb40 (in type-service.js)
[2020-04-27T08:37:33.300Z] INFO: cache miss a51d76c4-4f25-422c-be01-a709bf510092 ab92b96f-39d4-407b-9829-eb7473f11b30 (in type-service.js)
[2020-04-27T08:37:33.309Z] INFO: cache miss a51d76c4-4f25-422c-be01-a709bf510092 d08ea79d-a146-484f-90c1-75e04ab008db (in type-service.js)
[2020-04-27T08:37:33.310Z] INFO: cache miss a51d76c4-4f25-422c-be01-a709bf510092 a5f5caa6-ac02-43b9-b1cf-cb794a55481b (in type-service.js)
[2020-04-27T08:37:33.310Z] INFO: cache miss a51d76c4-4f25-422c-be01-a709bf510092 9c1140c4-ecf5-451f-b1e7-7380546624ad (in type-service.js)
[2020-04-27T08:37:33.310Z] INFO: cache miss a51d76c4-4f25-422c-be01-a709bf510092 2d9bb39e-68df-458f-a0b5-f6d0cebf4319 (in type-service.js)
[2020-04-27T08:37:33.319Z] INFO: cache miss a51d76c4-4f25-422c-be01-a709bf510092 9f597d84-166c-480b-88d4-a15cee9eae7b (in type-service.js)
[2020-04-27T08:37:33.319Z] INFO: cache miss a51d76c4-4f25-422c-be01-a709bf510092 b9c600df-d5a6-416b-8c9d-c74d566de2fe (in type-service.js)
[2020-04-27T08:37:33.320Z] INFO: cache miss a51d76c4-4f25-422c-be01-a709bf510092 68579484-8a07-4d15-a9dd-4606991cb01d (in type-service.js)
[2020-04-27T08:37:33.320Z] INFO: cache miss a51d76c4-4f25-422c-be01-a709bf510092 6be9a50c-dcab-4d2c-bda8-14506a2e9eef (in type-service.js)
[2020-04-27T08:37:33.335Z] INFO: cache miss a51d76c4-4f25-422c-be01-a709bf510092 3e72c4a8-4075-4625-8f25-2f1ac88db824 (in type-service.js)
[2020-04-27T08:37:33.335Z] INFO: cache miss a51d76c4-4f25-422c-be01-a709bf510092 f27a1d55-a523-4e75-8aa4-6262d3901bb2 (in type-service.js)
[2020-04-27T08:37:33.335Z] INFO: cache miss a51d76c4-4f25-422c-be01-a709bf510092 e05a90f1-6061-4aad-90d1-69c25908fb9c (in type-service.js)
[2020-04-27T08:37:33.335Z] INFO: cache miss a51d76c4-4f25-422c-be01-a709bf510092 1cac04a8-1f20-4ca9-9f70-4b5b95a955ab (in type-service.js)
[2020-04-27T08:37:33.335Z] INFO: cache miss a51d76c4-4f25-422c-be01-a709bf510092 e1a12714-70eb-4ca8-a299-937dbd5ef022 (in type-service.js)
[2020-04-27T08:37:33.335Z] INFO: cache miss a51d76c4-4f25-422c-be01-a709bf510092 b5f453f6-ba23-420b-85fc-e50af2ed9d43 (in type-service.js)
[2020-04-27T08:37:33.335Z] INFO: cache miss a51d76c4-4f25-422c-be01-a709bf510092 10372863-c812-4fe4-ab50-e52a8f17f8fc (in type-service.js)
[2020-04-27T08:37:33.342Z] INFO: cache miss a51d76c4-4f25-422c-be01-a709bf510092 0321de0f-b86b-46b3-9699-9d8241e83b76 (in type-service.js)
[2020-04-27T08:37:33.350Z] INFO: cache miss a51d76c4-4f25-422c-be01-a709bf510092 92f49765-3679-4018-851a-74d9e67e7079 (in type-service.js)
[2020-04-27T08:37:33.350Z] INFO: cache miss a51d76c4-4f25-422c-be01-a709bf510092 cb7d311e-1a61-4806-87ef-f9d09b0b5e05 (in type-service.js)
[2020-04-27T08:37:33.350Z] INFO: cache miss a51d76c4-4f25-422c-be01-a709bf510092 2bec3db3-bc38-41f8-8090-d7ac8aa18d74 (in type-service.js)
[2020-04-27T08:37:33.350Z] INFO: cache miss a51d76c4-4f25-422c-be01-a709bf510092 4b556f38-02ce-4785-afa4-3730cd8af7c1 (in type-service.js)
[2020-04-27T08:37:33.350Z] INFO: cache miss a51d76c4-4f25-422c-be01-a709bf510092 0f11c42b-009d-47b6-adcd-a27cc37ae6e1 (in type-service.js)
[2020-04-27T08:37:33.356Z] INFO: cache miss a51d76c4-4f25-422c-be01-a709bf510092 a29fb792-e3b3-425e-a357-b800a8c9c282 (in type-service.js)
[2020-04-27T08:37:33.356Z] INFO: cache miss a51d76c4-4f25-422c-be01-a709bf510092 e06a83c6-925f-4975-a0b8-19bf75b3950d (in type-service.js)
[2020-04-27T08:37:33.644Z] INFO: type tagging 28 datasets took 526ms (in type-service.js)
[2020-04-27T08:49:04.012Z] INFO: type tagging 28 datasets took 112ms (in type-service.js)
[2020-04-27T09:18:31.088Z] INFO: type tagging 28 datasets took 49ms (in type-service.js)
[2020-04-27T12:07:57.967Z] INFO: type tagging 28 datasets took 188ms (in type-service.js)
[2020-04-27T13:19:13.583Z] INFO: type tagging 28 datasets took 299ms (in type-service.js)
[2020-04-27T13:58:34.974Z] INFO: type tagging 28 datasets took 238ms (in type-service.js)
[2020-04-27T15:54:09.124Z] INFO: type tagging 28 datasets took 126ms (in type-service.js)
[2020-04-27T17:10:30.312Z] INFO: type tagging 28 datasets took 360ms (in type-service.js)
[2020-04-27T18:55:04.792Z] INFO: type tagging 28 datasets took 158ms (in type-service.js)
[2020-04-27T20:08:23.342Z] INFO: type tagging 28 datasets took 148ms (in type-service.js)
[2020-04-27T20:44:57.073Z] INFO: type tagging 28 datasets took 221ms (in type-service.js)
[2020-04-28T00:12:09.999Z] INFO: type tagging 28 datasets took 368ms (in type-service.js)
[2020-04-28T04:13:21.567Z] INFO: type tagging 28 datasets took 377ms (in type-service.js)
[2020-04-28T04:45:34.764Z] INFO: type tagging 28 datasets took 259ms (in type-service.js)
[2020-04-28T06:17:58.985Z] INFO: type tagging 28 datasets took 233ms (in type-service.js)
[2020-04-28T07:16:14.895Z] INFO: type tagging 28 datasets took 57ms (in type-service.js)
[2020-04-28T07:40:50.932Z] INFO: type tagging 28 datasets took 147ms (in type-service.js)
[2020-04-28T11:34:48.027Z] INFO: cache miss ad981f13-2fd7-4aaf-a604-21faca56d9aa ba933c6a-e8f8-4f45-957a-9bf2a67af06b (in type-service.js)
[2020-04-28T11:34:48.035Z] INFO: cache miss ad981f13-2fd7-4aaf-a604-21faca56d9aa 8cc1a70a-f709-4b14-8ee5-3fe1873e62c5 (in type-service.js)
[2020-04-28T11:34:48.138Z] INFO: type tagging 2 datasets took 121ms (in type-service.js)
[2020-04-28T11:34:48.156Z] INFO: type tagging 1 datasets took 8ms (in type-service.js)
[2020-04-28T11:34:48.794Z] INFO: cache miss ad981f13-2fd7-4aaf-a604-21faca56d9aa bee15c85-3fde-4d3f-98b9-db53a873cfde (in type-service.js)
[2020-04-28T11:34:48.794Z] INFO: type tagging 1 datasets took 8ms (in type-service.js)
[2020-04-28T11:34:48.827Z] INFO: type tagging 1 datasets took 9ms (in type-service.js)
[2020-04-28T11:34:48.964Z] INFO: type tagging 0 datasets took 7ms (in type-service.js)
